build/outputs/logs/manifest-merger-debug-report.txt
-- Merging decision tree log ---
manifest
ADDED from example_app/nnstreamer-ssd/AndroidManifest.xml:2:1-33:12
INJECTED from example_app/nnstreamer-ssd/AndroidManifest.xml:2:1-33:12
INJECTED from example_app/nnstreamer-ssd/AndroidManifest.xml:2:1-33:12
INJECTED from example_app/nnstreamer-ssd/AndroidManifest.xml:2:1-33:12
MERGED from [com.android.support:appcompat-v7:28.0.0] AndroidManifest.xml:17:1-22:12
MERGED from [com.android.support:support-fragment:28.0.0] AndroidManifest.xml:17:1-22:12
MERGED from [com.android.support:animated-vector-drawable:28.0.0] AndroidManifest.xml:17:1-22:12
MERGED from [com.android.support:support-core-ui:28.0.0] AndroidManifest.xml:17:1-22:12
MERGED from [com.android.support:support-core-utils:28.0.0] AndroidManifest.xml:17:1-22:12
MERGED from [com.android.support:support-vector-drawable:28.0.0] AndroidManifest.xml:17:1-22:12
MERGED from [com.android.support:loader:28.0.0] AndroidManifest.xml:17:1-22:12
MERGED from [com.android.support:viewpager:28.0.0] AndroidManifest.xml:17:1-22:12
MERGED from [com.android.support:coordinatorlayout:28.0.0] AndroidManifest.xml:17:1-22:12
MERGED from [com.android.support:drawerlayout:28.0.0] AndroidManifest.xml:17:1-22:12
MERGED from [com.android.support:slidingpanelayout:28.0.0] AndroidManifest.xml:17:1-22:12
MERGED from [com.android.support:customview:28.0.0] AndroidManifest.xml:17:1-22:12
MERGED from [com.android.support:swiperefreshlayout:28.0.0] AndroidManifest.xml:17:1-22:12
MERGED from [com.android.support:asynclayoutinflater:28.0.0] AndroidManifest.xml:17:1-22:12
MERGED from [com.android.support:support-compat:28.0.0] AndroidManifest.xml:17:1-24:12
MERGED from [com.android.support:versionedparcelable:28.0.0] AndroidManifest.xml:17:1-25:12
MERGED from [com.android.support:cursoradapter:28.0.0] AndroidManifest.xml:17:1-22:12
MERGED from [android.arch.lifecycle:runtime:1.1.1] AndroidManifest.xml:17:1-22:12
MERGED from [com.android.support:documentfile:28.0.0] AndroidManifest.xml:17:1-22:12
MERGED from [com.android.support:localbroadcastmanager:28.0.0] AndroidManifest.xml:17:1-22:12
MERGED from [com.android.support:print:28.0.0] AndroidManifest.xml:17:1-22:12
MERGED from [android.arch.lifecycle:viewmodel:1.1.1] AndroidManifest.xml:17:1-22:12
MERGED from [android.arch.lifecycle:livedata:1.1.1] AndroidManifest.xml:17:1-22:12
MERGED from [android.arch.lifecycle:livedata-core:1.1.1] AndroidManifest.xml:17:1-22:12
MERGED from [android.arch.core:runtime:1.1.1] AndroidManifest.xml:17:1-22:12
MERGED from [com.android.support:interpolator:28.0.0] AndroidManifest.xml:17:1-22:12
INJECTED from example_app/nnstreamer-ssd/AndroidManifest.xml:2:1-33:12
INJECTED from example_app/nnstreamer-ssd/AndroidManifest.xml:2:1-33:12
INJECTED from example_app/nnstreamer-ssd/AndroidManifest.xml:2:1-33:12
	package
		ADDED from example_app/nnstreamer-ssd/AndroidManifest.xml:4:5-51
		INJECTED from example_app/nnstreamer-ssd/AndroidManifest.xml
		INJECTED from example_app/nnstreamer-ssd/AndroidManifest.xml
	android:versionName
		ADDED from example_app/nnstreamer-ssd/AndroidManifest.xml:6:5-30
		INJECTED from example_app/nnstreamer-ssd/AndroidManifest.xml
		INJECTED from example_app/nnstreamer-ssd/AndroidManifest.xml
	xmlns:tools
		ADDED from example_app/nnstreamer-ssd/AndroidManifest.xml:3:5-51
	xmlns:android
		ADDED from example_app/nnstreamer-ssd/AndroidManifest.xml:2:11-69
	android:versionCode
		ADDED from example_app/nnstreamer-ssd/AndroidManifest.xml:5:5-28
		INJECTED from example_app/nnstreamer-ssd/AndroidManifest.xml
		INJECTED from example_app/nnstreamer-ssd/AndroidManifest.xml
uses-feature#0x00020000
ADDED from example_app/nnstreamer-ssd/AndroidManifest.xml:8:5-53
	android:glEsVersion
		ADDED from example_app/nnstreamer-ssd/AndroidManifest.xml:8:19-51
uses-feature#android.hardware.camera
ADDED from example_app/nnstreamer-ssd/AndroidManifest.xml:9:5-85
	android:required
		ADDED from example_app/nnstreamer-ssd/AndroidManifest.xml:9:58-82
	android:name
		ADDED from example_app/nnstreamer-ssd/AndroidManifest.xml:9:19-57
uses-permission#android.permission.CAMERA
ADDED from example_app/nnstreamer-ssd/AndroidManifest.xml:10:5-65
	android:name
		ADDED from example_app/nnstreamer-ssd/AndroidManifest.xml:10:22-62
uses-permission#android.permission.INTERNET
ADDED from example_app/nnstreamer-ssd/AndroidManifest.xml:11:5-67
	android:name
		ADDED from example_app/nnstreamer-ssd/AndroidManifest.xml:11:22-64
uses-permission#android.permission.READ_EXTERNAL_STORAGE
ADDED from example_app/nnstreamer-ssd/AndroidManifest.xml:12:5-80
	android:name
		ADDED from example_app/nnstreamer-ssd/AndroidManifest.xml:12:22-77
uses-permission#android.permission.WRITE_EXTERNAL_STORAGE
ADDED from example_app/nnstreamer-ssd/AndroidManifest.xml:13:5-81
	android:name
		ADDED from example_app/nnstreamer-ssd/AndroidManifest.xml:13:22-78
uses-permission#android.permission.WAKE_LOCK
ADDED from example_app/nnstreamer-ssd/AndroidManifest.xml:14:5-68
	android:name
		ADDED from example_app/nnstreamer-ssd/AndroidManifest.xml:14:22-65
application
ADDED from example_app/nnstreamer-ssd/AndroidManifest.xml:16:5-32:19
MERGED from [com.android.support:support-compat:28.0.0] AndroidManifest.xml:22:5-94
MERGED from [com.android.support:support-compat:28.0.0] AndroidManifest.xml:22:5-94
MERGED from [com.android.support:versionedparcelable:28.0.0] AndroidManifest.xml:22:5-23:19
MERGED from [com.android.support:versionedparcelable:28.0.0] AndroidManifest.xml:22:5-23:19
	android:appComponentFactory
		ADDED from [com.android.support:support-compat:28.0.0] AndroidManifest.xml:22:18-91
	android:label
		ADDED from example_app/nnstreamer-ssd/AndroidManifest.xml:18:9-41
	android:hardwareAccelerated
		ADDED from example_app/nnstreamer-ssd/AndroidManifest.xml:17:9-43
	tools:ignore
		ADDED from example_app/nnstreamer-ssd/AndroidManifest.xml:22:9-48
	android:icon
		ADDED from example_app/nnstreamer-ssd/AndroidManifest.xml:19:9-46
	android:theme
		ADDED from example_app/nnstreamer-ssd/AndroidManifest.xml:21:9-67
	android:networkSecurityConfig
		ADDED from example_app/nnstreamer-ssd/AndroidManifest.xml:20:9-69
activity#org.freedesktop.gstreamer.nnstreamer.NNStreamerActivity
ADDED from example_app/nnstreamer-ssd/AndroidManifest.xml:23:9-31:20
	android:screenOrientation
		ADDED from example_app/nnstreamer-ssd/AndroidManifest.xml:25:13-50
	android:label
		ADDED from example_app/nnstreamer-ssd/AndroidManifest.xml:26:13-45
	android:name
		ADDED from example_app/nnstreamer-ssd/AndroidManifest.xml:24:13-47
intent-filter#action:name:android.intent.action.MAIN+category:name:android.intent.category.LAUNCHER
ADDED from example_app/nnstreamer-ssd/AndroidManifest.xml:27:13-30:29
action#android.intent.action.MAIN
ADDED from example_app/nnstreamer-ssd/AndroidManifest.xml:28:17-69
	android:name
		ADDED from example_app/nnstreamer-ssd/AndroidManifest.xml:28:25-66
category#android.intent.category.LAUNCHER
ADDED from example_app/nnstreamer-ssd/AndroidManifest.xml:29:17-77
	android:name
		ADDED from example_app/nnstreamer-ssd/AndroidManifest.xml:29:27-74
uses-sdk
INJECTED from example_app/nnstreamer-ssd/AndroidManifest.xml reason: use-sdk injection requested
INJECTED from example_app/nnstreamer-ssd/AndroidManifest.xml
INJECTED from example_app/nnstreamer-ssd/AndroidManifest.xml
MERGED from [com.android.support:appcompat-v7:28.0.0] AndroidManifest.xml:20:5-44
MERGED from [com.android.support:appcompat-v7:28.0.0] AndroidManifest.xml:20:5-44
MERGED from [com.android.support:support-fragment:28.0.0] AndroidManifest.xml:20:5-44
MERGED from [com.android.support:support-fragment:28.0.0] AndroidManifest.xml:20:5-44
MERGED from [com.android.support:animated-vector-drawable:28.0.0] AndroidManifest.xml:20:5-44
MERGED from [com.android.support:animated-vector-drawable:28.0.0] AndroidManifest.xml:20:5-44
MERGED from [com.android.support:support-core-ui:28.0.0] AndroidManifest.xml:20:5-44
MERGED from [com.android.support:support-core-ui:28.0.0] AndroidManifest.xml:20:5-44
MERGED from [com.android.support:support-core-utils:28.0.0] AndroidManifest.xml:20:5-44
MERGED from [com.android.support:support-core-utils:28.0.0] AndroidManifest.xml:20:5-44
MERGED from [com.android.support:support-vector-drawable:28.0.0] AndroidManifest.xml:20:5-44
MERGED from [com.android.support:support-vector-drawable:28.0.0] AndroidManifest.xml:20:5-44
MERGED from [com.android.support:loader:28.0.0] AndroidManifest.xml:20:5-44
MERGED from [com.android.support:loader:28.0.0] AndroidManifest.xml:20:5-44
MERGED from [com.android.support:viewpager:28.0.0] AndroidManifest.xml:20:5-44
MERGED from [com.android.support:viewpager:28.0.0] AndroidManifest.xml:20:5-44
MERGED from [com.android.support:coordinatorlayout:28.0.0] AndroidManifest.xml:20:5-44
MERGED from [com.android.support:coordinatorlayout:28.0.0] AndroidManifest.xml:20:5-44
MERGED from [com.android.support:drawerlayout:28.0.0] AndroidManifest.xml:20:5-44
MERGED from [com.android.support:drawerlayout:28.0.0] AndroidManifest.xml:20:5-44
MERGED from [com.android.support:slidingpanelayout:28.0.0] AndroidManifest.xml:20:5-44
MERGED from [com.android.support:slidingpanelayout:28.0.0] AndroidManifest.xml:20:5-44
MERGED from [com.android.support:customview:28.0.0] AndroidManifest.xml:20:5-44
MERGED from [com.android.support:customview:28.0.0] AndroidManifest.xml:20:5-44
MERGED from [com.android.support:swiperefreshlayout:28.0.0] AndroidManifest.xml:20:5-44
MERGED from [com.android.support:swiperefreshlayout:28.0.0] AndroidManifest.xml:20:5-44
MERGED from [com.android.support:asynclayoutinflater:28.0.0] AndroidManifest.xml:20:5-44
MERGED from [com.android.support:asynclayoutinflater:28.0.0] AndroidManifest.xml:20:5-44
MERGED from [com.android.support:support-compat:28.0.0] AndroidManifest.xml:20:5-44
MERGED from [com.android.support:support-compat:28.0.0] AndroidManifest.xml:20:5-44
MERGED from [com.android.support:versionedparcelable:28.0.0] AndroidManifest.xml:20:5-44
MERGED from [com.android.support:versionedparcelable:28.0.0] AndroidManifest.xml:20:5-44
MERGED from [com.android.support:cursoradapter:28.0.0] AndroidManifest.xml:20:5-44
MERGED from [com.android.support:cursoradapter:28.0.0] AndroidManifest.xml:20:5-44
MERGED from [android.arch.lifecycle:runtime:1.1.1] AndroidManifest.xml:20:5-44
MERGED from [android.arch.lifecycle:runtime:1.1.1] AndroidManifest.xml:20:5-44
MERGED from [com.android.support:documentfile:28.0.0] AndroidManifest.xml:20:5-44
MERGED from [com.android.support:documentfile:28.0.0] AndroidManifest.xml:20:5-44
MERGED from [com.android.support:localbroadcastmanager:28.0.0] AndroidManifest.xml:20:5-44
MERGED from [com.android.support:localbroadcastmanager:28.0.0] AndroidManifest.xml:20:5-44
MERGED from [com.android.support:print:28.0.0] AndroidManifest.xml:20:5-44
MERGED from [com.android.support:print:28.0.0] AndroidManifest.xml:20:5-44
MERGED from [android.arch.lifecycle:viewmodel:1.1.1] AndroidManifest.xml:20:5-44
MERGED from [android.arch.lifecycle:viewmodel:1.1.1] AndroidManifest.xml:20:5-44
MERGED from [android.arch.lifecycle:livedata:1.1.1] AndroidManifest.xml:20:5-44
MERGED from [android.arch.lifecycle:livedata:1.1.1] AndroidManifest.xml:20:5-44
MERGED from [android.arch.lifecycle:livedata-core:1.1.1] AndroidManifest.xml:20:5-44
MERGED from [android.arch.lifecycle:livedata-core:1.1.1] AndroidManifest.xml:20:5-44
MERGED from [android.arch.core:runtime:1.1.1] AndroidManifest.xml:20:5-44
MERGED from [android.arch.core:runtime:1.1.1] AndroidManifest.xml:20:5-44
MERGED from [com.android.support:interpolator:28.0.0] AndroidManifest.xml:20:5-44
MERGED from [com.android.support:interpolator:28.0.0] AndroidManifest.xml:20:5-44
INJECTED from example_app/nnstreamer-ssd/AndroidManifest.xml
INJECTED from example_app/nnstreamer-ssd/AndroidManifest.xml
	android:targetSdkVersion
		INJECTED from example_app/nnstreamer-ssd/AndroidManifest.xml
		ADDED from example_app/nnstreamer-ssd/AndroidManifest.xml
		INJECTED from example_app/nnstreamer-ssd/AndroidManifest.xml
	android:minSdkVersion
		INJECTED from example_app/nnstreamer-ssd/AndroidManifest.xml
		ADDED from example_app/nnstreamer-ssd/AndroidManifest.xml
		INJECTED from example_app/nnstreamer-ssd/AndroidManifest.xml